<?xml version="1.0" encoding="UTF-8"?>
<!-- Generated by org.testng.reporters.JUnitReportReporter -->
<testsuite hostname="DESKTOP-ISADT93" failures="0" tests="6" name="methodtest.MainFunc" time="0.012" errors="0" timestamp="13 Apr 2022 09:57:50 GMT">
  <testcase classname="methodtest.MainFunc" name="login" time="0.002"/>
  <testcase classname="methodtest.MainFunc" name="home" time="0.001"/>
  <testcase classname="methodtest.MainFunc" name="logout" time="0.002"/>
  <testcase classname="methodtest.MainFunc" name="login" time="0.005"/>
  <testcase classname="methodtest.MainFunc" name="logout" time="0.001"/>
  <testcase classname="methodtest.MainFunc" name="home" time="0.001"/>
</testsuite> <!-- methodtest.MainFunc -->
