<?xml version="1.0" encoding="UTF-8"?>
<!-- Generated by org.testng.reporters.JUnitReportReporter -->
<testsuite hostname="DESKTOP-ISADT93" failures="0" tests="2" name="group.MyTest" time="0.012" errors="0" timestamp="13 Apr 2022 10:11:20 GMT">
  <testcase classname="group.MyTest" name="gama" time="0.002"/>
  <testcase classname="group.MyTest" name="alpha" time="0.010"/>
</testsuite> <!-- group.MyTest -->
