<?xml version="1.0" encoding="UTF-8"?>
<!-- Generated by org.testng.reporters.JUnitReportReporter -->
<testsuite hostname="DESKTOP-ISADT93" failures="0" tests="1" name="database.DbConnection" time="0.343" errors="0" timestamp="25 Apr 2022 10:41:05 GMT">
  <testcase classname="database.DbConnection" name="test" time="0.343"/>
</testsuite> <!-- database.DbConnection -->
