<?xml version="1.0" encoding="UTF-8"?>
<!-- Generated by org.testng.reporters.JUnitReportReporter -->
<testsuite hostname="DESKTOP-ISADT93" failures="0" tests="2" name="group.Bank" time="0.005" errors="0" timestamp="13 Apr 2022 10:11:20 GMT">
  <testcase classname="group.Bank" name="loan" time="0.003"/>
  <testcase classname="group.Bank" name="current" time="0.002"/>
</testsuite> <!-- group.Bank -->
