<?xml version="1.0" encoding="UTF-8"?>
<!-- Generated by org.testng.reporters.JUnitReportReporter -->
<testsuite hostname="DESKTOP-ISADT93" failures="0" tests="6" name="methodtest.Bank" time="0.024" errors="0" timestamp="13 Apr 2022 09:57:50 GMT">
  <testcase classname="methodtest.Bank" name="current" time="0.003"/>
  <testcase classname="methodtest.Bank" name="loan" time="0.004"/>
  <testcase classname="methodtest.Bank" name="saving" time="0.003"/>
  <testcase classname="methodtest.Bank" name="loan" time="0.005"/>
  <testcase classname="methodtest.Bank" name="current" time="0.007"/>
  <testcase classname="methodtest.Bank" name="saving" time="0.002"/>
</testsuite> <!-- methodtest.Bank -->
