<?xml version="1.0" encoding="UTF-8"?>
<!-- Generated by org.testng.reporters.JUnitReportReporter -->
<testsuite hostname="DESKTOP-ISADT93" failures="0" tests="2" name="group.MainFunc" time="0.007" errors="0" timestamp="13 Apr 2022 10:11:20 GMT">
  <testcase classname="group.MainFunc" name="login" time="0.004"/>
  <testcase classname="group.MainFunc" name="home" time="0.003"/>
</testsuite> <!-- group.MainFunc -->
