<?xml version="1.0" encoding="UTF-8"?>
<!-- Generated by org.testng.reporters.JUnitReportReporter -->
<testsuite hostname="DESKTOP-ISADT93" failures="0" tests="2" name="basic.MyFirstNG" time="0.021" errors="0" timestamp="11 Apr 2022 10:36:01 GMT">
  <testcase classname="basic.MyFirstNG" name="alpha" time="0.015"/>
  <testcase classname="basic.MyFirstNG" name="beta" time="0.006"/>
</testsuite> <!-- basic.MyFirstNG -->
